#
# There is insufficient memory for the Java Runtime Environment to continue.
# Native memory allocation (mmap) failed to map 132120576 bytes for G1 virtual space
# Possible reasons:
#   The system is out of physical RAM or swap space
#   The process is running with CompressedOops enabled, and the Java Heap may be blocking the growth of the native heap
# Possible solutions:
#   Reduce memory load on the system
#   Increase physical memory or swap space
#   Check if swap backing store is full
#   Decrease Java heap size (-Xmx/-Xms)
#   Decrease number of Java threads
#   Decrease Java thread stack sizes (-Xss)
#   Set larger code cache with -XX:ReservedCodeCacheSize=
#   JVM is running with Unscaled Compressed Oops mode in which the Java heap is
#     placed in the first 4GB address space. The Java Heap base address is the
#     maximum limit for the native heap growth. Please use -XX:HeapBaseMinAddress
#     to set the Java Heap base and to place the Java Heap above 4GB virtual address.
# This output file may be truncated or incomplete.
#
#  Out of Memory Error (os_windows.cpp:3541), pid=2884, tid=26716
#
# JRE version:  (17.0.4.1+1) (build )
# Java VM: OpenJDK 64-Bit Server VM (17.0.4.1+1, mixed mode, sharing, tiered, compressed oops, compressed class ptrs, g1 gc, windows-amd64)
# No core dump will be written. Minidumps are not enabled by default on client versions of Windows
#

---------------  S U M M A R Y ------------

Command Line: -Dfile.encoding=UTF-8 -XX:+ShowCodeDetailsInExceptionMessages solaropoly.GameSystem

Host: 11th Gen Intel(R) Core(TM) i5-1135G7 @ 2.40GHz, 8 cores, 7G,  Windows 11 , 64 bit Build 22621 (10.0.22621.1344)
Time: Sat Apr  1 21:40:22 2023 GMT Summer Time elapsed time: 0.009358 seconds (0d 0h 0m 0s)

---------------  T H R E A D  ---------------

Current thread (0x000001f0f67cc150):  JavaThread "Unknown thread" [_thread_in_vm, id=26716, stack(0x00000033a0200000,0x00000033a0300000)]

Stack: [0x00000033a0200000,0x00000033a0300000]
Native frames: (J=compiled Java code, j=interpreted, Vv=VM code, C=native code)
V  [jvm.dll+0x67731a]
V  [jvm.dll+0x832284]
V  [jvm.dll+0x833a2e]
V  [jvm.dll+0x834093]
V  [jvm.dll+0x245775]
V  [jvm.dll+0x674209]
V  [jvm.dll+0x668a92]
V  [jvm.dll+0x30471b]
V  [jvm.dll+0x30bc66]
V  [jvm.dll+0x35ba9e]
V  [jvm.dll+0x35bccf]
V  [jvm.dll+0x2db5b8]
V  [jvm.dll+0x2dc524]
V  [jvm.dll+0x803db1]
V  [jvm.dll+0x3698f1]
V  [jvm.dll+0x7e31bc]
V  [jvm.dll+0x3ec25f]
V  [jvm.dll+0x3edde1]
C  [jli.dll+0x5277]
C  [ucrtbase.dll+0x29363]
C  [KERNEL32.DLL+0x126bd]
C  [ntdll.dll+0x5a9f8]


---------------  P R O C E S S  ---------------

Threads class SMR info:
_java_thread_list=0x00007ffc72d64e98, length=0, elements={
}

Java Threads: ( => current thread )

Other Threads:
  0x000001f0f6828cc0 GCTaskThread "GC Thread#0" [stack: 0x00000033a0300000,0x00000033a0400000] [id=19720]
  0x000001f0f6839ec0 ConcurrentGCThread "G1 Main Marker" [stack: 0x00000033a0400000,0x00000033a0500000] [id=17184]
  0x000001f0f683a8d0 ConcurrentGCThread "G1 Conc#0" [stack: 0x00000033a0500000,0x00000033a0600000] [id=3904]

[error occurred during error reporting (printing all threads), id 0xc0000005, EXCEPTION_ACCESS_VIOLATION (0xc0000005) at pc=0x00007ffc7253c047]

VM state: not at safepoint (not fully initialized)

VM Mutex/Monitor currently owned by a thread:  ([mutex/lock_event])
[0x000001f0f67b87f0] Heap_lock - owner thread: 0x000001f0f67cc150

Heap address: 0x0000000083200000, size: 1998 MB, Compressed Oops mode: 32-bit

CDS archive(s) mapped at: [0x0000000000000000-0x0000000000000000-0x0000000000000000), size 0, SharedBaseAddress: 0x0000000800000000, ArchiveRelocationMode: 0.
Narrow klass base: 0x0000000000000000, Narrow klass shift: 0, Narrow klass range: 0x0

GC Precious Log:
<Empty>

Heap:
 garbage-first heap   total 0K, used 0K [0x0000000083200000, 0x0000000100000000)
  region size 1024K, 0 young (0K), 0 survivors (0K)

[error occurred during error reporting (printing heap information), id 0xc0000005, EXCEPTION_ACCESS_VIOLATION (0xc0000005) at pc=0x00007ffc72920699]

GC Heap History (0 events):
No events

Deoptimization events (0 events):
No events

Classes unloaded (0 events):
No events

Classes redefined (0 events):
No events

Internal exceptions (0 events):
No events

VM Operations (0 events):
No events

Events (1 events):
Event: 0.005 Loaded shared library C:\Users\Li\.p2\pool\plugins\org.eclipse.justj.openjdk.hotspot.jre.full.win32.x86_64_17.0.4.v20220903-1038\jre\bin\java.dll


Dynamic libraries:
0x00007ff6e61d0000 - 0x00007ff6e61de000 	C:\Users\Li\.p2\pool\plugins\org.eclipse.justj.openjdk.hotspot.jre.full.win32.x86_64_17.0.4.v20220903-1038\jre\bin\javaw.exe
0x00007ffcdd930000 - 0x00007ffcddb44000 	C:\WINDOWS\SYSTEM32\ntdll.dll
0x00007ffcdc2f0000 - 0x00007ffcdc3b3000 	C:\WINDOWS\System32\KERNEL32.DLL
0x00007ffcdb2d0000 - 0x00007ffcdb66c000 	C:\WINDOWS\System32\KERNELBASE.dll
0x00007ffcdb000000 - 0x00007ffcdb111000 	C:\WINDOWS\System32\ucrtbase.dll
0x00007ffcc2fe0000 - 0x00007ffcc2ff9000 	C:\Users\Li\.p2\pool\plugins\org.eclipse.justj.openjdk.hotspot.jre.full.win32.x86_64_17.0.4.v20220903-1038\jre\bin\VCRUNTIME140.dll
0x00007ffcc7500000 - 0x00007ffcc7518000 	C:\Users\Li\.p2\pool\plugins\org.eclipse.justj.openjdk.hotspot.jre.full.win32.x86_64_17.0.4.v20220903-1038\jre\bin\jli.dll
0x00007ffcdc3c0000 - 0x00007ffcdc56d000 	C:\WINDOWS\System32\USER32.dll
0x00007ffcdb710000 - 0x00007ffcdb736000 	C:\WINDOWS\System32\win32u.dll
0x00007ffccb710000 - 0x00007ffccb99e000 	C:\WINDOWS\WinSxS\amd64_microsoft.windows.common-controls_6595b64144ccf1df_6.0.22621.608_none_a9444ca7c10bb01d\COMCTL32.dll
0x00007ffcdbf10000 - 0x00007ffcdbfb7000 	C:\WINDOWS\System32\msvcrt.dll
0x00007ffcdbd60000 - 0x00007ffcdbd89000 	C:\WINDOWS\System32\GDI32.dll
0x00007ffcdad70000 - 0x00007ffcdae83000 	C:\WINDOWS\System32\gdi32full.dll
0x00007ffcdb670000 - 0x00007ffcdb70a000 	C:\WINDOWS\System32\msvcp_win.dll
0x00007ffcdd6f0000 - 0x00007ffcdd721000 	C:\WINDOWS\System32\IMM32.DLL
0x00007ffcd4230000 - 0x00007ffcd423c000 	C:\Users\Li\.p2\pool\plugins\org.eclipse.justj.openjdk.hotspot.jre.full.win32.x86_64_17.0.4.v20220903-1038\jre\bin\vcruntime140_1.dll
0x00007ffc9c940000 - 0x00007ffc9c9d1000 	C:\Users\Li\.p2\pool\plugins\org.eclipse.justj.openjdk.hotspot.jre.full.win32.x86_64_17.0.4.v20220903-1038\jre\bin\msvcp140.dll
0x00007ffc72250000 - 0x00007ffc72e96000 	C:\Users\Li\.p2\pool\plugins\org.eclipse.justj.openjdk.hotspot.jre.full.win32.x86_64_17.0.4.v20220903-1038\jre\bin\server\jvm.dll
0x00007ffcdcea0000 - 0x00007ffcdcf4e000 	C:\WINDOWS\System32\ADVAPI32.dll
0x00007ffcdd190000 - 0x00007ffcdd234000 	C:\WINDOWS\System32\sechost.dll
0x00007ffcdd070000 - 0x00007ffcdd185000 	C:\WINDOWS\System32\RPCRT4.dll
0x00007ffcdbfc0000 - 0x00007ffcdbfc8000 	C:\WINDOWS\System32\PSAPI.DLL
0x00007ffcd2d10000 - 0x00007ffcd2d44000 	C:\WINDOWS\SYSTEM32\WINMM.dll
0x00007ffcc9630000 - 0x00007ffcc9639000 	C:\WINDOWS\SYSTEM32\WSOCK32.dll
0x00007ffcd24c0000 - 0x00007ffcd24ca000 	C:\WINDOWS\SYSTEM32\VERSION.dll
0x00007ffcdbfd0000 - 0x00007ffcdc041000 	C:\WINDOWS\System32\WS2_32.dll
0x00007ffcd9dc0000 - 0x00007ffcd9dd8000 	C:\WINDOWS\SYSTEM32\kernel.appcore.dll
0x00007ffcd8270000 - 0x00007ffcd827a000 	C:\Users\Li\.p2\pool\plugins\org.eclipse.justj.openjdk.hotspot.jre.full.win32.x86_64_17.0.4.v20220903-1038\jre\bin\jimage.dll
0x00007ffccc0c0000 - 0x00007ffccc2ee000 	C:\WINDOWS\SYSTEM32\DBGHELP.DLL
0x00007ffcdd240000 - 0x00007ffcdd5c9000 	C:\WINDOWS\System32\combase.dll
0x00007ffcdcdc0000 - 0x00007ffcdce97000 	C:\WINDOWS\System32\OLEAUT32.dll
0x00007ffcbe460000 - 0x00007ffcbe492000 	C:\WINDOWS\SYSTEM32\dbgcore.DLL
0x00007ffcdb120000 - 0x00007ffcdb19b000 	C:\WINDOWS\System32\bcryptPrimitives.dll
0x00007ffcc9680000 - 0x00007ffcc96a5000 	C:\Users\Li\.p2\pool\plugins\org.eclipse.justj.openjdk.hotspot.jre.full.win32.x86_64_17.0.4.v20220903-1038\jre\bin\java.dll

dbghelp: loaded successfully - version: 4.0.5 - missing functions: none
symbol engine: initialized successfully - sym options: 0x614 - pdb path: .;C:\Users\Li\.p2\pool\plugins\org.eclipse.justj.openjdk.hotspot.jre.full.win32.x86_64_17.0.4.v20220903-1038\jre\bin;C:\WINDOWS\SYSTEM32;C:\WINDOWS\WinSxS\amd64_microsoft.windows.common-controls_6595b64144ccf1df_6.0.22621.608_none_a9444ca7c10bb01d;C:\Users\Li\.p2\pool\plugins\org.eclipse.justj.openjdk.hotspot.jre.full.win32.x86_64_17.0.4.v20220903-1038\jre\bin\server

VM Arguments:
jvm_args: -Dfile.encoding=UTF-8 -XX:+ShowCodeDetailsInExceptionMessages 
java_command: solaropoly.GameSystem
java_class_path (initial): D:\SFproject\CSC7053-2223-G17\solaropoly\bin;C:\Users\Li\.p2\pool\plugins\junit-jupiter-api_5.9.0.jar;C:\Users\Li\.p2\pool\plugins\junit-jupiter-engine_5.9.0.jar;C:\Users\Li\.p2\pool\plugins\junit-jupiter-migrationsupport_5.9.0.jar;C:\Users\Li\.p2\pool\plugins\junit-jupiter-params_5.9.0.jar;C:\Users\Li\.p2\pool\plugins\junit-platform-commons_1.9.0.jar;C:\Users\Li\.p2\pool\plugins\junit-platform-engine_1.9.0.jar;C:\Users\Li\.p2\pool\plugins\junit-platform-launcher_1.9.0.jar;C:\Users\Li\.p2\pool\plugins\junit-platform-runner_1.9.0.jar;C:\Users\Li\.p2\pool\plugins\junit-platform-suite-api_1.9.0.jar;C:\Users\Li\.p2\pool\plugins\junit-platform-suite-engine_1.9.0.jar;C:\Users\Li\.p2\pool\plugins\junit-platform-suite-commons_1.9.0.jar;C:\Users\Li\.p2\pool\plugins\junit-vintage-engine_5.9.0.jar;C:\Users\Li\.p2\pool\plugins\org.opentest4j_1.2.0.jar;C:\Users\Li\.p2\pool\plugins\org.apiguardian.api_1.1.2.jar;C:\Users\Li\.p2\pool\plugins\org.junit_4.13.2.v20211018-1956.jar;C:\Users\Li\.p2\pool\plugins\org.hamcrest.core_1.3.0.v20180420-1519.jar
Launcher Type: SUN_STANDARD

[Global flags]
     intx CICompilerCount                          = 4                                         {product} {ergonomic}
     uint ConcGCThreads                            = 2                                         {product} {ergonomic}
     uint G1ConcRefinementThreads                  = 8                                         {product} {ergonomic}
   size_t G1HeapRegionSize                         = 1048576                                   {product} {ergonomic}
    uintx GCDrainStackTargetSize                   = 64                                        {product} {ergonomic}
   size_t InitialHeapSize                          = 132120576                                 {product} {ergonomic}
   size_t MarkStackSize                            = 4194304                                   {product} {ergonomic}
   size_t MaxHeapSize                              = 2095054848                                {product} {ergonomic}
   size_t MinHeapDeltaBytes                        = 1048576                                   {product} {ergonomic}
   size_t MinHeapSize                              = 8388608                                   {product} {ergonomic}
    uintx NonNMethodCodeHeapSize                   = 5839372                                {pd product} {ergonomic}
    uintx NonProfiledCodeHeapSize                  = 122909434                              {pd product} {ergonomic}
    uintx ProfiledCodeHeapSize                     = 122909434                              {pd product} {ergonomic}
    uintx ReservedCodeCacheSize                    = 251658240                              {pd product} {ergonomic}
     bool SegmentedCodeCache                       = true                                      {product} {ergonomic}
     bool ShowCodeDetailsInExceptionMessages       = true                                   {manageable} {command line}
   size_t SoftMaxHeapSize                          = 2095054848                             {manageable} {ergonomic}
     bool UseCompressedClassPointers               = true                           {product lp64_product} {ergonomic}
     bool UseCompressedOops                        = true                           {product lp64_product} {ergonomic}
     bool UseG1GC                                  = true                                      {product} {ergonomic}
     bool UseLargePagesIndividualAllocation        = false                                  {pd product} {ergonomic}

Logging:
Log output configuration:
 #0: stdout all=warning uptime,level,tags
 #1: stderr all=off uptime,level,tags

Environment Variables:
PATH=C:/Users/Li/.p2/pool/plugins/org.eclipse.justj.openjdk.hotspot.jre.full.win32.x86_64_17.0.4.v20220903-1038/jre/bin/server;C:/Users/Li/.p2/pool/plugins/org.eclipse.justj.openjdk.hotspot.jre.full.win32.x86_64_17.0.4.v20220903-1038/jre/bin;C:\Windows\System32\HWAudioDriverLibs;C:\Windows\system32;C:\Windows;C:\Windows\System32\Wbem;C:\Windows\System32\WindowsPowerShell\v1.0\;C:\Windows\System32\OpenSSH\;C:\Windows\system32\config\systemprofile\AppData\Local\Microsoft\WindowsApps;D:\HtmlDesign\Git\cmd;C:\WINDOWS\system32;C:\WINDOWS;C:\WINDOWS\System32\Wbem;C:\WINDOWS\System32\WindowsPowerShell\v1.0\;C:\WINDOWS\System32\OpenSSH\;C:\Users\Li\AppData\Local\Microsoft\WindowsApps;;D:\intellij\IntelliJ IDEA 2022.2.3\bin;;D:\intellij\IntelliJ IDEA Community Edition 2022.2.3\bin;;D:\VSC\Microsoft VS Code\bin;C:\Users\Li\Desktop;
USERNAME=Li
OS=Windows_NT
PROCESSOR_IDENTIFIER=Intel64 Family 6 Model 140 Stepping 1, GenuineIntel
TMP=C:\Users\Li\AppData\Local\Temp
TEMP=C:\Users\Li\AppData\Local\Temp



---------------  S Y S T E M  ---------------

OS:
 Windows 11 , 64 bit Build 22621 (10.0.22621.1344)
OS uptime: 1 days 5:17 hours

CPU: total 8 (initial active 8) (4 cores per cpu, 2 threads per core) family 6 model 140 stepping 1 microcode 0x8a, cx8, cmov, fxsr, ht, mmx, 3dnowpref, sse, sse2, sse3, ssse3, sse4.1, sse4.2, popcnt, lzcnt, tsc, tscinvbit, avx, avx2, aes, erms, clmul, bmi1, bmi2, adx, avx512f, avx512dq, avx512cd, avx512bw, avx512vl, sha, fma, vzeroupper, avx512_vpopcntdq, avx512_vpclmulqdq, avx512_vaes, avx512_vnni, clflush, clflushopt, clwb, avx512_vbmi2, avx512_vbmi

Memory: 4k page, system-wide physical 7991M (901M free)
TotalPageFile size 23319M (AvailPageFile size 50M)
current process WorkingSet (physical memory assigned to process): 11M, peak: 11M
current process commit charge ("private bytes"): 60M, peak: 186M

vm_info: OpenJDK 64-Bit Server VM (17.0.4.1+1) for windows-amd64 JRE (17.0.4.1+1), built on Aug 17 2022 07:42:43 by "temurin" with MS VC++ 16.7 (VS2019)

END.
